This is XeTeX, Version 3.14159265-2.6-0.99998 (TeX Live 2017) (preloaded format=xelatex 2017.12.3)  6 JUL 2021 12:45
entering extended mode
 restricted \write18 enabled.
 %&-line parsing enabled.
**main.tex
(./main.tex
LaTeX2e <2017-04-15>
Babel <3.10> and hyphenation patterns for 84 language(s) loaded.
(/usr/local/texlive/2017/texmf-dist/tex/latex/base/book.cls
Document Class: book 2014/09/29 v1.4h Standard LaTeX document class
(/usr/local/texlive/2017/texmf-dist/tex/latex/base/bk12.clo
File: bk12.clo 2014/09/29 v1.4h Standard LaTeX file (size option)
)
\c@part=\count79
\c@chapter=\count80
\c@section=\count81
\c@subsection=\count82
\c@subsubsection=\count83
\c@paragraph=\count84
\c@subparagraph=\count85
\c@figure=\count86
\c@table=\count87
\abovecaptionskip=\skip41
\belowcaptionskip=\skip42
\bibindent=\dimen102
)
(/usr/local/texlive/2017/texmf-dist/tex/generic/babel/babel.sty
Package: babel 2017/05/19 3.10 The Babel package

(/usr/local/texlive/2017/texmf-dist/tex/generic/babel-english/english.ldf
Language: english 2017/01/24 v3.3q English support from the babel system

(/usr/local/texlive/2017/texmf-dist/tex/generic/babel/babel.def
File: babel.def 2017/05/19 3.10 Babel common definitions
\babel@savecnt=\count88
\U@D=\dimen103

(/usr/local/texlive/2017/texmf-dist/tex/generic/babel/xebabel.def))
\l@canadian = a dialect from \language\l@american 
\l@australian = a dialect from \language\l@british 
\l@newzealand = a dialect from \language\l@british 
))
(/usr/local/texlive/2017/texmf-dist/tex/latex/graphics/graphicx.sty
Package: graphicx 2014/10/28 v1.0g Enhanced LaTeX Graphics (DPC,SPQR)

(/usr/local/texlive/2017/texmf-dist/tex/latex/graphics/keyval.sty
Package: keyval 2014/10/28 v1.15 key=value parser (DPC)
\KV@toks@=\toks14
)
(/usr/local/texlive/2017/texmf-dist/tex/latex/graphics/graphics.sty
Package: graphics 2017/04/14 v1.1b Standard LaTeX Graphics (DPC,SPQR)

(/usr/local/texlive/2017/texmf-dist/tex/latex/graphics/trig.sty
Package: trig 2016/01/03 v1.10 sin cos tan (DPC)
)
(/usr/local/texlive/2017/texmf-dist/tex/latex/graphics-cfg/graphics.cfg
File: graphics.cfg 2016/06/04 v1.11 sample graphics configuration
)
Package graphics Info: Driver file: xetex.def on input line 99.

(/usr/local/texlive/2017/texmf-dist/tex/latex/graphics-def/xetex.def
File: xetex.def 2016/07/11 v4.10 LaTeX color/graphics driver for XeTeX (L3/RRM/
JK)
))
\Gin@req@height=\dimen104
\Gin@req@width=\dimen105
)
(/usr/local/texlive/2017/texmf-dist/tex/latex/fontspec/fontspec.sty
(/usr/local/texlive/2017/texmf-dist/tex/latex/l3kernel/expl3.sty
Package: expl3 2017/05/13 L3 programming layer (loader) 

(/usr/local/texlive/2017/texmf-dist/tex/latex/l3kernel/expl3-code.tex
Package: expl3 2017/05/13 L3 programming layer (code)
\c_max_int=\count89
\l_tmpa_int=\count90
\l_tmpb_int=\count91
\g_tmpa_int=\count92
\g_tmpb_int=\count93
\g__prg_map_int=\count94
\c_log_iow=\count95
\l_iow_line_count_int=\count96
\l__iow_line_target_int=\count97
\l__iow_one_indent_int=\count98
\l__iow_indent_int=\count99
\c_zero_dim=\dimen106
\c_max_dim=\dimen107
\l_tmpa_dim=\dimen108
\l_tmpb_dim=\dimen109
\g_tmpa_dim=\dimen110
\g_tmpb_dim=\dimen111
\c_zero_skip=\skip43
\c_max_skip=\skip44
\l_tmpa_skip=\skip45
\l_tmpb_skip=\skip46
\g_tmpa_skip=\skip47
\g_tmpb_skip=\skip48
\c_zero_muskip=\muskip10
\c_max_muskip=\muskip11
\l_tmpa_muskip=\muskip12
\l_tmpb_muskip=\muskip13
\g_tmpa_muskip=\muskip14
\g_tmpb_muskip=\muskip15
\l_keys_choice_int=\count100
\c__fp_leading_shift_int=\count101
\c__fp_middle_shift_int=\count102
\c__fp_trailing_shift_int=\count103
\c__fp_big_leading_shift_int=\count104
\c__fp_big_middle_shift_int=\count105
\c__fp_big_trailing_shift_int=\count106
\c__fp_Bigg_leading_shift_int=\count107
\c__fp_Bigg_middle_shift_int=\count108
\c__fp_Bigg_trailing_shift_int=\count109
\l__sort_length_int=\count110
\l__sort_min_int=\count111
\l__sort_top_int=\count112
\l__sort_max_int=\count113
\l__sort_true_max_int=\count114
\l__sort_block_int=\count115
\l__sort_begin_int=\count116
\l__sort_end_int=\count117
\l__sort_A_int=\count118
\l__sort_B_int=\count119
\l__sort_C_int=\count120
\c_empty_box=\box26
\l_tmpa_box=\box27
\l_tmpb_box=\box28
\g_tmpa_box=\box29
\g_tmpb_box=\box30
\l__box_top_dim=\dimen112
\l__box_bottom_dim=\dimen113
\l__box_left_dim=\dimen114
\l__box_right_dim=\dimen115
\l__box_top_new_dim=\dimen116
\l__box_bottom_new_dim=\dimen117
\l__box_left_new_dim=\dimen118
\l__box_right_new_dim=\dimen119
\l__box_internal_box=\box31
\l__coffin_internal_box=\box32
\l__coffin_internal_dim=\dimen120
\l__coffin_offset_x_dim=\dimen121
\l__coffin_offset_y_dim=\dimen122
\l__coffin_x_dim=\dimen123
\l__coffin_y_dim=\dimen124
\l__coffin_x_prime_dim=\dimen125
\l__coffin_y_prime_dim=\dimen126
\c_empty_coffin=\box33
\l__coffin_aligned_coffin=\box34
\l__coffin_aligned_internal_coffin=\box35
\l_tmpa_coffin=\box36
\l_tmpb_coffin=\box37
\l__coffin_display_coffin=\box38
\l__coffin_display_coord_coffin=\box39
\l__coffin_display_pole_coffin=\box40
\l__coffin_display_offset_dim=\dimen127
\l__coffin_display_x_dim=\dimen128
\l__coffin_display_y_dim=\dimen129
\l__coffin_bounding_shift_dim=\dimen130
\l__coffin_left_corner_dim=\dimen131
\l__coffin_right_corner_dim=\dimen132
\l__coffin_bottom_corner_dim=\dimen133
\l__coffin_top_corner_dim=\dimen134
\l__coffin_scaled_total_height_dim=\dimen135
\l__coffin_scaled_width_dim=\dimen136
)
(/usr/local/texlive/2017/texmf-dist/tex/latex/l3kernel/l3xdvipdfmx.def
File: l3xdvidpfmx.def 2017/03/18 v L3 Experimental driver: xdvipdfmx
\l__driver_tmp_box=\box41
))
(/usr/local/texlive/2017/texmf-dist/tex/latex/l3packages/xparse/xparse.sty
Package: xparse 2017/05/13 L3 Experimental document command parser
\l__xparse_current_arg_int=\count121
\g__xparse_grabber_int=\count122
\l__xparse_m_args_int=\count123
\l__xparse_mandatory_args_int=\count124
\l__xparse_v_nesting_int=\count125
)
Package: fontspec 2017/03/31 v2.6a Font selection for XeLaTeX and LuaLaTeX

(/usr/local/texlive/2017/texmf-dist/tex/latex/fontspec/fontspec-xetex.sty
Package: fontspec-xetex 2017/03/31 v2.6a Font selection for XeLaTeX and LuaLaTe
X
\l__fontspec_script_int=\count126
\l__fontspec_language_int=\count127
\l__fontspec_strnum_int=\count128
\l__fontspec_tmp_int=\count129
\l__fontspec_em_int=\count130
\l__fontspec_emdef_int=\count131
\l__fontspec_strong_int=\count132
\l__fontspec_strongdef_int=\count133
\l__fontspec_tmpa_dim=\dimen137
\l__fontspec_tmpb_dim=\dimen138
\l__fontspec_tmpc_dim=\dimen139
\g__file_internal_ior=\read1

(/usr/local/texlive/2017/texmf-dist/tex/latex/base/fontenc.sty
Package: fontenc 2017/04/05 v2.0i Standard LaTeX package

(/usr/local/texlive/2017/texmf-dist/tex/latex/base/tuenc.def
File: tuenc.def 2017/04/05 v2.0i Standard LaTeX file
LaTeX Font Info:    Redeclaring font encoding TU on input line 82.
))
.................................................
. LaTeX info: "xparse/define-command"
. 
. Defining command \fontspec with sig. 'O{}mO{}' on line 472.
.................................................
.................................................
. LaTeX info: "xparse/define-command"
. 
. Defining command \setmainfont with sig. 'O{}mO{}' on line 483.
.................................................
.................................................
. LaTeX info: "xparse/define-command"
. 
. Defining command \setsansfont with sig. 'O{}mO{}' on line 503.
.................................................
.................................................
. LaTeX info: "xparse/define-command"
. 
. Defining command \setmonofont with sig. 'O{}mO{}' on line 523.
.................................................
.................................................
. LaTeX info: "xparse/define-command"
. 
. Defining command \setromanfont with sig. 'O{}mO{}' on line 543.
.................................................
.................................................
. LaTeX info: "xparse/define-command"
. 
. Defining command \setmathrm with sig. 'O{}mO{}' on line 547.
.................................................
.................................................
. LaTeX info: "xparse/define-command"
. 
. Defining command \setboldmathrm with sig. 'O{}mO{}' on line 555.
.................................................
.................................................
. LaTeX info: "xparse/define-command"
. 
. Defining command \setmathsf with sig. 'O{}mO{}' on line 563.
.................................................
.................................................
. LaTeX info: "xparse/define-command"
. 
. Defining command \setmathtt with sig. 'O{}mO{}' on line 571.
.................................................
.................................................
. LaTeX info: "xparse/define-command"
. 
. Defining command \newfontfamily with sig. 'mO{}mO{}' on line 586.
.................................................
.................................................
. LaTeX info: "xparse/define-command"
. 
. Defining command \newfontface with sig. 'mO{}mO{}' on line 603.
.................................................
.................................................
. LaTeX info: "xparse/define-command"
. 
. Defining command \defaultfontfeatures with sig. 't+om' on line 614.
.................................................
.................................................
. LaTeX info: "xparse/define-command"
. 
. Defining command \addfontfeatures with sig. 'm' on line 645.
.................................................
.................................................
. LaTeX info: "xparse/define-command"
. 
. Defining command \newfontfeature with sig. 'mm' on line 672.
.................................................
.................................................
. LaTeX info: "xparse/define-command"
. 
. Defining command \newAATfeature with sig. 'mmmm' on line 686.
.................................................
.................................................
. LaTeX info: "xparse/define-command"
. 
. Defining command \newopentypefeature with sig. 'mmm' on line 700.
.................................................
.................................................
. LaTeX info: "xparse/define-command"
. 
. Defining command \newICUfeature with sig. 'mmm' on line 720.
.................................................
.................................................
. LaTeX info: "xparse/define-command"
. 
. Defining command \aliasfontfeature with sig. 'mm' on line 724.
.................................................
.................................................
. LaTeX info: "xparse/define-command"
. 
. Defining command \aliasfontfeatureoption with sig. 'mmm' on line 745.
.................................................
.................................................
. LaTeX info: "xparse/define-command"
. 
. Defining command \newfontscript with sig. 'mm' on line 778.
.................................................
.................................................
. LaTeX info: "xparse/define-command"
. 
. Defining command \newfontlanguage with sig. 'mm' on line 782.
.................................................
.................................................
. LaTeX info: "xparse/define-command"
. 
. Defining command \DeclareFontsExtensions with sig. 'm' on line 786.
.................................................
.................................................
. LaTeX info: "xparse/define-command"
. 
. Defining command \IfFontFeatureActiveTF with sig. 'mmm' on line 797.
.................................................
.................................................
. LaTeX info: "xparse/define-command"
. 
. Defining command \EncodingCommand with sig. 'mO{}m' on line 3438.
.................................................
.................................................
. LaTeX info: "xparse/define-command"
. 
. Defining command \EncodingAccent with sig. 'mm' on line 3444.
.................................................
.................................................
. LaTeX info: "xparse/define-command"
. 
. Defining command \EncodingSymbol with sig. 'mm' on line 3450.
.................................................
.................................................
. LaTeX info: "xparse/define-command"
. 
. Defining command \EncodingComposite with sig. 'mmm' on line 3456.
.................................................
.................................................
. LaTeX info: "xparse/define-command"
. 
. Defining command \EncodingCompositeCommand with sig. 'mmm' on line 3462.
.................................................
.................................................
. LaTeX info: "xparse/define-command"
. 
. Defining command \DeclareUnicodeEncoding with sig. 'mm' on line 3487.
.................................................
.................................................
. LaTeX info: "xparse/define-command"
. 
. Defining command \UndeclareSymbol with sig. 'm' on line 3493.
.................................................
.................................................
. LaTeX info: "xparse/define-command"
. 
. Defining command \UndeclareComposite with sig. 'mm' on line 3501.
.................................................

(/usr/local/texlive/2017/texmf-dist/tex/latex/fontspec/fontspec.cfg)
LaTeX Info: Redefining \itshape on input line 3686.
LaTeX Info: Redefining \slshape on input line 3691.
LaTeX Info: Redefining \scshape on input line 3696.
LaTeX Info: Redefining \upshape on input line 3701.
LaTeX Info: Redefining \em on input line 3731.
LaTeX Info: Redefining \emph on input line 3756.
LaTeX Info: Redefining \- on input line 3807.
.................................................
. LaTeX info: "xparse/redefine-command"
. 
. Redefining command \oldstylenums with sig. 'm' on line 3902.
.................................................
.................................................
. LaTeX info: "xparse/define-command"
. 
. Defining command \liningnums with sig. 'm' on line 3906.
.................................................
))
(/usr/local/texlive/2017/texmf-dist/tex/xelatex/xunicode/xunicode.sty
File: xunicode.sty 2011/09/09 v0.981 provides access to latin accents and many 
other characters in Unicode lower plane

(/usr/local/texlive/2017/texmf-dist/tex/latex/tipa/t3enc.def
File: t3enc.def 2001/12/31 T3 encoding
)
\tipaTiiicode=\count134
\tipasavetokens=\toks15
\tipachecktokens=\toks16
)
.................................................
. fontspec info: "no-scripts"
. 
. Font "NewsGotT" does not contain any OpenType `Script' information.
.................................................
\g__fontspec_family_NewsGotT_int=\count135
.................................................
. fontspec info: "defining-font"
. 
. Font family 'NewsGotT(0)' created for font 'NewsGotT' with options
. [Ligatures=TeX,AutoFakeSlant=0.15].
.  
.  This font family consists of the following NFSS series/shapes:
.  
. - 'normal' (m/n) with NFSS spec.: <->"NewsGotT/AAT:mapping=tex-text;"
. - 'small caps'  (m/sc) with NFSS spec.: 
. - 'bold' (bx/n) with NFSS spec.: <->"NewsGotT/B/AAT:mapping=tex-text;"
. - 'bold small caps'  (bx/sc) with NFSS spec.: 
. - 'italic' (m/it) with NFSS spec.:
. <->"NewsGotT/AAT:slant=0.15;mapping=tex-text;"
. - 'italic small caps'  (m/itsc) with NFSS spec.: 
. - 'bold italic' (bx/it) with NFSS spec.:
. <->"NewsGotT/B/AAT:mapping=tex-text;"
. - 'bold italic small caps'  (bx/itsc) with NFSS spec.: 
.................................................
LaTeX Info: Redefining \rmfamily on input line 11.

(/usr/local/texlive/2017/texmf-dist/tex/latex/tools/indentfirst.sty
Package: indentfirst 1995/11/23 v1.03 Indent first paragraph (DPC)
)
(/usr/local/texlive/2017/texmf-dist/tex/latex/amsfonts/amssymb.sty
Package: amssymb 2013/01/14 v3.01 AMS font symbols

(/usr/local/texlive/2017/texmf-dist/tex/latex/amsfonts/amsfonts.sty
Package: amsfonts 2013/01/14 v3.01 Basic AMSFonts support
\@emptytoks=\toks17
\symAMSa=\mathgroup4
\symAMSb=\mathgroup5
LaTeX Font Info:    Overwriting math alphabet `\mathfrak' in version `bold'
(Font)                  U/euf/m/n --> U/euf/b/n on input line 106.
))
(/usr/local/texlive/2017/texmf-dist/tex/latex/setspace/setspace.sty
Package: setspace 2011/12/19 v6.7a set line spacing
)
(/usr/local/texlive/2017/texmf-dist/tex/latex/geometry/geometry.sty
Package: geometry 2010/09/12 v5.6 Page Geometry

(/usr/local/texlive/2017/texmf-dist/tex/generic/oberdiek/ifpdf.sty
Package: ifpdf 2017/03/15 v3.2 Provides the ifpdf switch
)
(/usr/local/texlive/2017/texmf-dist/tex/generic/oberdiek/ifvtex.sty
Package: ifvtex 2016/05/16 v1.6 Detect VTeX and its facilities (HO)
Package ifvtex Info: VTeX not detected.
)
(/usr/local/texlive/2017/texmf-dist/tex/generic/ifxetex/ifxetex.sty
Package: ifxetex 2010/09/12 v0.6 Provides ifxetex conditional
)
\Gm@cnth=\count136
\Gm@cntv=\count137
\c@Gm@tempcnt=\count138
\Gm@bindingoffset=\dimen140
\Gm@wd@mp=\dimen141
\Gm@odd@mp=\dimen142
\Gm@even@mp=\dimen143
\Gm@layoutwidth=\dimen144
\Gm@layoutheight=\dimen145
\Gm@layouthoffset=\dimen146
\Gm@layoutvoffset=\dimen147
\Gm@dimlist=\toks18
)
(/usr/local/texlive/2017/texmf-dist/tex/latex/oberdiek/pdflscape.sty
Package: pdflscape 2016/05/14 v0.11 Display of landscape pages in PDF (HO)

(/usr/local/texlive/2017/texmf-dist/tex/latex/graphics/lscape.sty
Package: lscape 2000/10/22 v3.01 Landscape Pages (DPC)
)
Package pdflscape Info: Auto-detected driver: dvipdfm (xetex) on input line 99.


(/usr/local/texlive/2017/texmf-dist/tex/generic/oberdiek/atbegshi.sty
Package: atbegshi 2016/06/09 v1.18 At begin shipout hook (HO)

(/usr/local/texlive/2017/texmf-dist/tex/generic/oberdiek/infwarerr.sty
Package: infwarerr 2016/05/16 v1.4 Providing info/warning/error messages (HO)
)
(/usr/local/texlive/2017/texmf-dist/tex/generic/oberdiek/ltxcmds.sty
Package: ltxcmds 2016/05/16 v1.23 LaTeX kernel commands for general use (HO)
)))
(/usr/local/texlive/2017/texmf-dist/tex/latex/fancyhdr/fancyhdr.sty
Package: fancyhdr 2016/09/06 3.8 Extensive control of page headers and footers
\fancy@headwidth=\skip49
\f@ncyO@elh=\skip50
\f@ncyO@erh=\skip51
\f@ncyO@olh=\skip52
\f@ncyO@orh=\skip53
\f@ncyO@elf=\skip54
\f@ncyO@erf=\skip55
\f@ncyO@olf=\skip56
\f@ncyO@orf=\skip57
)
(/usr/local/texlive/2017/texmf-dist/tex/latex/amsmath/amsmath.sty
Package: amsmath 2016/11/05 v2.16a AMS math features
\@mathmargin=\skip58

For additional information on amsmath, use the `?' option.
(/usr/local/texlive/2017/texmf-dist/tex/latex/amsmath/amstext.sty
Package: amstext 2000/06/29 v2.01 AMS text

(/usr/local/texlive/2017/texmf-dist/tex/latex/amsmath/amsgen.sty
File: amsgen.sty 1999/11/30 v2.0 generic functions
\@emptytoks=\toks19
\ex@=\dimen148
))
(/usr/local/texlive/2017/texmf-dist/tex/latex/amsmath/amsbsy.sty
Package: amsbsy 1999/11/29 v1.2d Bold Symbols
\pmbraise@=\dimen149
)
(/usr/local/texlive/2017/texmf-dist/tex/latex/amsmath/amsopn.sty
Package: amsopn 2016/03/08 v2.02 operator names
)
\inf@bad=\count139
LaTeX Info: Redefining \frac on input line 213.
\uproot@=\count140
\leftroot@=\count141
LaTeX Info: Redefining \overline on input line 375.
\classnum@=\count142
\DOTSCASE@=\count143
LaTeX Info: Redefining \ldots on input line 472.
LaTeX Info: Redefining \dots on input line 475.
LaTeX Info: Redefining \cdots on input line 596.
\Mathstrutbox@=\box42
\strutbox@=\box43
\big@size=\dimen150
LaTeX Font Info:    Redeclaring font encoding OML on input line 712.
LaTeX Font Info:    Redeclaring font encoding OMS on input line 713.
\macc@depth=\count144
\c@MaxMatrixCols=\count145
\dotsspace@=\muskip16
\c@parentequation=\count146
\dspbrk@lvl=\count147
\tag@help=\toks20
\row@=\count148
\column@=\count149
\maxfields@=\count150
\andhelp@=\toks21
\eqnshift@=\dimen151
\alignsep@=\dimen152
\tagshift@=\dimen153
\tagwidth@=\dimen154
\totwidth@=\dimen155
\lineht@=\dimen156
\@envbody=\toks22
\multlinegap=\skip59
\multlinetaggap=\skip60
\mathdisplay@stack=\toks23
LaTeX Info: Redefining \[ on input line 2817.
LaTeX Info: Redefining \] on input line 2818.
)
(/usr/local/texlive/2017/texmf-dist/tex/latex/base/textcomp.sty
Package: textcomp 2017/04/05 v2.0i Standard LaTeX package
Package textcomp Info: Sub-encoding information:
(textcomp)               5 = only ISO-Adobe without \textcurrency
(textcomp)               4 = 5 + \texteuro
(textcomp)               3 = 4 + \textohm
(textcomp)               2 = 3 + \textestimated + \textcurrency
(textcomp)               1 = TS1 - \textcircled - \t
(textcomp)               0 = TS1 (full)
(textcomp)             Font families with sub-encoding setting implement
(textcomp)             only a restricted character set as indicated.
(textcomp)             Family '?' is the default used for unknown fonts.
(textcomp)             See the documentation for details.
Package textcomp Info: Setting ? sub-encoding to TS1/1 on input line 79.

(/usr/local/texlive/2017/texmf-dist/tex/latex/base/ts1enc.def
File: ts1enc.def 2001/06/05 v3.0e (jk/car/fm) Standard LaTeX file
)
LaTeX Info: Redefining \oldstylenums on input line 334.
Package textcomp Info: Setting cmr sub-encoding to TS1/0 on input line 349.
Package textcomp Info: Setting cmss sub-encoding to TS1/0 on input line 350.
Package textcomp Info: Setting cmtt sub-encoding to TS1/0 on input line 351.
Package textcomp Info: Setting cmvtt sub-encoding to TS1/0 on input line 352.
Package textcomp Info: Setting cmbr sub-encoding to TS1/0 on input line 353.
Package textcomp Info: Setting cmtl sub-encoding to TS1/0 on input line 354.
Package textcomp Info: Setting ccr sub-encoding to TS1/0 on input line 355.
Package textcomp Info: Setting ptm sub-encoding to TS1/4 on input line 356.
Package textcomp Info: Setting pcr sub-encoding to TS1/4 on input line 357.
Package textcomp Info: Setting phv sub-encoding to TS1/4 on input line 358.
Package textcomp Info: Setting ppl sub-encoding to TS1/3 on input line 359.
Package textcomp Info: Setting pag sub-encoding to TS1/4 on input line 360.
Package textcomp Info: Setting pbk sub-encoding to TS1/4 on input line 361.
Package textcomp Info: Setting pnc sub-encoding to TS1/4 on input line 362.
Package textcomp Info: Setting pzc sub-encoding to TS1/4 on input line 363.
Package textcomp Info: Setting bch sub-encoding to TS1/4 on input line 364.
Package textcomp Info: Setting put sub-encoding to TS1/5 on input line 365.
Package textcomp Info: Setting uag sub-encoding to TS1/5 on input line 366.
Package textcomp Info: Setting ugq sub-encoding to TS1/5 on input line 367.
Package textcomp Info: Setting ul8 sub-encoding to TS1/4 on input line 368.
Package textcomp Info: Setting ul9 sub-encoding to TS1/4 on input line 369.
Package textcomp Info: Setting augie sub-encoding to TS1/5 on input line 370.
Package textcomp Info: Setting dayrom sub-encoding to TS1/3 on input line 371.
Package textcomp Info: Setting dayroms sub-encoding to TS1/3 on input line 372.

Package textcomp Info: Setting pxr sub-encoding to TS1/0 on input line 373.
Package textcomp Info: Setting pxss sub-encoding to TS1/0 on input line 374.
Package textcomp Info: Setting pxtt sub-encoding to TS1/0 on input line 375.
Package textcomp Info: Setting txr sub-encoding to TS1/0 on input line 376.
Package textcomp Info: Setting txss sub-encoding to TS1/0 on input line 377.
Package textcomp Info: Setting txtt sub-encoding to TS1/0 on input line 378.
Package textcomp Info: Setting lmr sub-encoding to TS1/0 on input line 379.
Package textcomp Info: Setting lmdh sub-encoding to TS1/0 on input line 380.
Package textcomp Info: Setting lmss sub-encoding to TS1/0 on input line 381.
Package textcomp Info: Setting lmssq sub-encoding to TS1/0 on input line 382.
Package textcomp Info: Setting lmvtt sub-encoding to TS1/0 on input line 383.
Package textcomp Info: Setting lmtt sub-encoding to TS1/0 on input line 384.
Package textcomp Info: Setting qhv sub-encoding to TS1/0 on input line 385.
Package textcomp Info: Setting qag sub-encoding to TS1/0 on input line 386.
Package textcomp Info: Setting qbk sub-encoding to TS1/0 on input line 387.
Package textcomp Info: Setting qcr sub-encoding to TS1/0 on input line 388.
Package textcomp Info: Setting qcs sub-encoding to TS1/0 on input line 389.
Package textcomp Info: Setting qpl sub-encoding to TS1/0 on input line 390.
Package textcomp Info: Setting qtm sub-encoding to TS1/0 on input line 391.
Package textcomp Info: Setting qzc sub-encoding to TS1/0 on input line 392.
Package textcomp Info: Setting qhvc sub-encoding to TS1/0 on input line 393.
Package textcomp Info: Setting futs sub-encoding to TS1/4 on input line 394.
Package textcomp Info: Setting futx sub-encoding to TS1/4 on input line 395.
Package textcomp Info: Setting futj sub-encoding to TS1/4 on input line 396.
Package textcomp Info: Setting hlh sub-encoding to TS1/3 on input line 397.
Package textcomp Info: Setting hls sub-encoding to TS1/3 on input line 398.
Package textcomp Info: Setting hlst sub-encoding to TS1/3 on input line 399.
Package textcomp Info: Setting hlct sub-encoding to TS1/5 on input line 400.
Package textcomp Info: Setting hlx sub-encoding to TS1/5 on input line 401.
Package textcomp Info: Setting hlce sub-encoding to TS1/5 on input line 402.
Package textcomp Info: Setting hlcn sub-encoding to TS1/5 on input line 403.
Package textcomp Info: Setting hlcw sub-encoding to TS1/5 on input line 404.
Package textcomp Info: Setting hlcf sub-encoding to TS1/5 on input line 405.
Package textcomp Info: Setting pplx sub-encoding to TS1/3 on input line 406.
Package textcomp Info: Setting pplj sub-encoding to TS1/3 on input line 407.
Package textcomp Info: Setting ptmx sub-encoding to TS1/4 on input line 408.
Package textcomp Info: Setting ptmj sub-encoding to TS1/4 on input line 409.
)
(/usr/local/texlive/2017/texmf-dist/tex/latex/tools/array.sty
Package: array 2016/10/06 v2.4d Tabular extension package (FMi)
\col@sep=\dimen157
\extrarowheight=\dimen158
\NC@list=\toks24
\extratabsurround=\skip61
\backup@length=\skip62
)
(/usr/local/texlive/2017/texmf-dist/tex/latex/booktabs/booktabs.sty
Package: booktabs 2016/04/27 v1.618033 publication quality tables
\heavyrulewidth=\dimen159
\lightrulewidth=\dimen160
\cmidrulewidth=\dimen161
\belowrulesep=\dimen162
\belowbottomsep=\dimen163
\aboverulesep=\dimen164
\abovetopsep=\dimen165
\cmidrulesep=\dimen166
\cmidrulekern=\dimen167
\defaultaddspace=\dimen168
\@cmidla=\count151
\@cmidlb=\count152
\@aboverulesep=\dimen169
\@belowrulesep=\dimen170
\@thisruleclass=\count153
\@lastruleclass=\count154
\@thisrulewidth=\dimen171
)
(/usr/local/texlive/2017/texmf-dist/tex/latex/natbib/natbib.sty
Package: natbib 2010/09/13 8.31b (PWD, AO)
\bibhang=\skip63
\bibsep=\skip64
LaTeX Info: Redefining \cite on input line 694.
\c@NAT@ctr=\count155
)
(/usr/local/texlive/2017/texmf-dist/tex/latex/notoccite/notoccite.sty
Package: notoccite 2000/07/20
)
(/usr/local/texlive/2017/texmf-dist/tex/latex/tocbibind/tocbibind.sty
Package: tocbibind 2010/10/13 v1.5k extra ToC listings
Package tocbibind Info: The document has chapter divisions on input line 50.


Package tocbibind Note: Using chapter style headings, unless overridden.

) (/usr/local/texlive/2017/texmf-dist/tex/latex/caption/caption.sty
Package: caption 2016/02/21 v3.3-144 Customizing captions (AR)

(/usr/local/texlive/2017/texmf-dist/tex/latex/caption/caption3.sty
Package: caption3 2016/05/22 v1.7-166 caption3 kernel (AR)
Package caption3 Info: TeX engine: e-TeX on input line 67.
\captionmargin=\dimen172
\captionmargin@=\dimen173
\captionwidth=\dimen174
\caption@tempdima=\dimen175
\caption@indent=\dimen176
\caption@parindent=\dimen177
\caption@hangindent=\dimen178
)
\c@ContinuedFloat=\count156
)
(/usr/local/texlive/2017/texmf-dist/tex/latex/multirow/multirow.sty
Package: multirow 2016/11/25 v2.2 Span multiple rows of a table
\multirow@colwidth=\skip65
\multirow@cntb=\count157
\multirow@dima=\skip66
\bigstrutjot=\dimen179
)
(/usr/local/texlive/2017/texmf-dist/tex/latex/xcolor/xcolor.sty
Package: xcolor 2016/05/11 v2.12 LaTeX color extensions (UK)

(/usr/local/texlive/2017/texmf-dist/tex/latex/graphics-cfg/color.cfg
File: color.cfg 2016/01/02 v1.6 sample color configuration
)
Package xcolor Info: Package option `color' ignored on input line 216.
Package xcolor Info: Driver file: xetex.def on input line 225.

(/usr/local/texlive/2017/texmf-dist/tex/latex/colortbl/colortbl.sty
Package: colortbl 2012/02/13 v1.0a Color table columns (DPC)
\everycr=\toks25
\minrowclearance=\skip67
)
\rownum=\count158
Package xcolor Info: Model `cmy' substituted by `cmy0' on input line 1348.
Package xcolor Info: Model `RGB' extended on input line 1364.
Package xcolor Info: Model `HTML' substituted by `rgb' on input line 1366.
Package xcolor Info: Model `Hsb' substituted by `hsb' on input line 1367.
Package xcolor Info: Model `tHsb' substituted by `hsb' on input line 1368.
Package xcolor Info: Model `HSB' substituted by `hsb' on input line 1369.
Package xcolor Info: Model `Gray' substituted by `gray' on input line 1370.
Package xcolor Info: Model `wave' substituted by `hsb' on input line 1371.
)
(/usr/local/texlive/2017/texmf-dist/tex/latex/chngcntr/chngcntr.sty
Package: chngcntr 2009/09/02 v1.0a change counter resetting
)
(/usr/local/texlive/2017/texmf-dist/tex/latex/enumitem/enumitem.sty
Package: enumitem 2011/09/28 v3.5.2 Customized lists
\labelindent=\skip68
\enit@outerparindent=\dimen180
\enit@toks=\toks26
\enit@inbox=\box44
\enitdp@description=\count159
)
(/usr/local/texlive/2017/texmf-dist/tex/latex/pdfpages/pdfpages.sty
Package: pdfpages 2017/01/14 v0.5h Insert pages of external PDF documents (AM)

(/usr/local/texlive/2017/texmf-dist/tex/latex/base/ifthen.sty
Package: ifthen 2014/09/29 v1.1c Standard LaTeX ifthen package (DPC)
)
(/usr/local/texlive/2017/texmf-dist/tex/latex/tools/calc.sty
Package: calc 2014/10/28 v4.3 Infix arithmetic (KKT,FJ)
\calc@Acount=\count160
\calc@Bcount=\count161
\calc@Adimen=\dimen181
\calc@Bdimen=\dimen182
\calc@Askip=\skip69
\calc@Bskip=\skip70
LaTeX Info: Redefining \setlength on input line 80.
LaTeX Info: Redefining \addtolength on input line 81.
\calc@Ccount=\count162
\calc@Cskip=\skip71
)
(/usr/local/texlive/2017/texmf-dist/tex/latex/eso-pic/eso-pic.sty
Package: eso-pic 2015/07/21 v2.0g eso-pic (RN)
)
\AM@pagewidth=\dimen183
\AM@pageheight=\dimen184

(/usr/local/texlive/2017/texmf-dist/tex/latex/pdfpages/ppxetex.def
File: ppxetex.def 2017/01/14 v0.5h Pdfpages driver for XeTeX (AM)
)
\AM@pagebox=\box45
\AM@global@opts=\toks27
\AM@toc@title=\toks28
\c@AM@survey=\count163
\AM@templatesizebox=\box46
)
(/usr/local/texlive/2017/texmf-dist/tex/latex/float/float.sty
Package: float 2001/11/08 v1.3d Float enhancements (AL)
\c@float@type=\count164
\float@exts=\toks29
\float@box=\box47
\@float@everytoks=\toks30
\@floatcapt=\box48
)
(/usr/local/texlive/2017/texmf-dist/tex/latex/caption/subcaption.sty
Package: subcaption 2016/05/22 v1.1-161 Sub-captions (AR)
\c@subfigure=\count165
\c@subtable=\count166
)
(/usr/local/texlive/2017/texmf-dist/tex/latex/morefloats/morefloats.sty
Package: morefloats 2015/07/22 v1.0h Raise limit of unprocessed floats (HMM)

(/usr/local/texlive/2017/texmf-dist/tex/latex/oberdiek/kvoptions.sty
Package: kvoptions 2016/05/16 v3.12 Key value format for package options (HO)

(/usr/local/texlive/2017/texmf-dist/tex/generic/oberdiek/kvsetkeys.sty
Package: kvsetkeys 2016/05/16 v1.17 Key value parser (HO)

(/usr/local/texlive/2017/texmf-dist/tex/generic/oberdiek/etexcmds.sty
Package: etexcmds 2016/05/16 v1.6 Avoid name clashes with e-TeX commands (HO)

(/usr/local/texlive/2017/texmf-dist/tex/generic/oberdiek/ifluatex.sty
Package: ifluatex 2016/05/16 v1.4 Provides the ifluatex switch (HO)
Package ifluatex Info: LuaTeX not detected.
)
Package etexcmds Info: Could not find \expanded.
(etexcmds)             That can mean that you are not using pdfTeX 1.50 or
(etexcmds)             that some package has redefined \expanded.
(etexcmds)             In the latter case, load this package earlier.
)))
Package morefloats Info: Maximum number of possible floats asked for: 36
(morefloats)             (i.e. 18 more floats).
(morefloats)             LaTeX might run out of memory before this
(morefloats)             (in which case it will notify you).
)
(/usr/local/texlive/2017/texmf-dist/tex/latex/tools/multicol.sty
Package: multicol 2017/04/11 v1.8q multicolumn formatting (FMi)
\c@tracingmulticols=\count167
\mult@box=\box49
\multicol@leftmargin=\dimen185
\c@unbalance=\count168
\c@collectmore=\count169
\doublecol@number=\count170
\multicoltolerance=\count171
\multicolpretolerance=\count172
\full@width=\dimen186
\page@free=\dimen187
\premulticols=\dimen188
\postmulticols=\dimen189
\multicolsep=\skip72
\multicolbaselineskip=\skip73
\partial@page=\box50
\last@line=\box51
\maxbalancingoverflow=\dimen190
\mult@rightbox=\box52
\mult@grightbox=\box53
\mult@gfirstbox=\box54
\mult@firstbox=\box55
\@tempa=\box56
\@tempa=\box57
\@tempa=\box58
\@tempa=\box59
\@tempa=\box60
\@tempa=\box61
\@tempa=\box62
\@tempa=\box63
\@tempa=\box64
\@tempa=\box65
\@tempa=\box66
\@tempa=\box67
\@tempa=\box68
\@tempa=\box69
\@tempa=\box70
\@tempa=\box71
\@tempa=\box72
\c@columnbadness=\count173
\c@finalcolumnbadness=\count174
\last@try=\dimen191
\multicolovershoot=\dimen192
\multicolundershoot=\dimen193
\mult@nat@firstbox=\box73
\colbreak@box=\box74
\mc@col@check@num=\count175
)
(/usr/local/texlive/2017/texmf-dist/tex/latex/fncychap/fncychap.sty
Package: fncychap 2007/07/30 v1.34 LaTeX package (Revised chapters)
\RW=\skip74
\mylen=\skip75
\myhi=\skip76
\px=\skip77
\py=\skip78
\pyy=\skip79
\pxx=\skip80
)
(/usr/local/texlive/2017/texmf-dist/tex/latex/shipunov/boldline.sty
Package: boldline 2008/02/04 v0.2 Adjust line width in tables
)
(/usr/local/texlive/2017/texmf-dist/tex/latex/hyperref/hyperref.sty
Package: hyperref 2017/03/14 v6.85a Hypertext links for LaTeX

(/usr/local/texlive/2017/texmf-dist/tex/generic/oberdiek/hobsub-hyperref.sty
Package: hobsub-hyperref 2016/05/16 v1.14 Bundle oberdiek, subset hyperref (HO)


(/usr/local/texlive/2017/texmf-dist/tex/generic/oberdiek/hobsub-generic.sty
Package: hobsub-generic 2016/05/16 v1.14 Bundle oberdiek, subset generic (HO)
Package: hobsub 2016/05/16 v1.14 Construct package bundles (HO)
Package hobsub Info: Skipping package `infwarerr' (already loaded).
Package hobsub Info: Skipping package `ltxcmds' (already loaded).
Package hobsub Info: Skipping package `ifluatex' (already loaded).
Package hobsub Info: Skipping package `ifvtex' (already loaded).
Package: intcalc 2016/05/16 v1.2 Expandable calculations with integers (HO)
Package hobsub Info: Skipping package `ifpdf' (already loaded).
Package hobsub Info: Skipping package `etexcmds' (already loaded).
Package hobsub Info: Skipping package `kvsetkeys' (already loaded).
Package: kvdefinekeys 2016/05/16 v1.4 Define keys (HO)
Package: pdftexcmds 2017/03/19 v0.25 Utility functions of pdfTeX for LuaTeX (HO
)
Package pdftexcmds Info: LuaTeX not detected.
Package pdftexcmds Info: pdfTeX >= 1.30 not detected.
Package pdftexcmds Info: \pdf@primitive is available.
Package pdftexcmds Info: \pdf@ifprimitive is available.
Package pdftexcmds Info: \pdfdraftmode not found.
Package: pdfescape 2016/05/16 v1.14 Implements pdfTeX's escape features (HO)
Package: bigintcalc 2016/05/16 v1.4 Expandable calculations on big integers (HO
)
Package: bitset 2016/05/16 v1.2 Handle bit-vector datatype (HO)
Package: uniquecounter 2016/05/16 v1.3 Provide unlimited unique counter (HO)
)
Package hobsub Info: Skipping package `hobsub' (already loaded).
Package: letltxmacro 2016/05/16 v1.5 Let assignment for LaTeX macros (HO)
Package: hopatch 2016/05/16 v1.3 Wrapper for package hooks (HO)
Package: xcolor-patch 2016/05/16 xcolor patch
Package: atveryend 2016/05/16 v1.9 Hooks at the very end of document (HO)
Package atveryend Info: \enddocument detected (standard20110627).
Package hobsub Info: Skipping package `atbegshi' (already loaded).
Package: refcount 2016/05/16 v3.5 Data extraction from label references (HO)
Package: hycolor 2016/05/16 v1.8 Color options for hyperref/bookmark (HO)
)
(/usr/local/texlive/2017/texmf-dist/tex/latex/oberdiek/auxhook.sty
Package: auxhook 2016/05/16 v1.4 Hooks for auxiliary files (HO)
)
\@linkdim=\dimen194
\Hy@linkcounter=\count176
\Hy@pagecounter=\count177

(/usr/local/texlive/2017/texmf-dist/tex/latex/hyperref/pd1enc.def
File: pd1enc.def 2017/03/14 v6.85a Hyperref: PDFDocEncoding definition (HO)
)
\Hy@SavedSpaceFactor=\count178

(/usr/local/texlive/2017/texmf-dist/tex/latex/latexconfig/hyperref.cfg
File: hyperref.cfg 2002/06/06 v1.2 hyperref configuration of TeXLive
)
Package hyperref Info: Option `bookmarksnumbered' set `true' on input line 4374
.
Package hyperref Info: Hyper figures OFF on input line 4498.
Package hyperref Info: Link nesting OFF on input line 4503.
Package hyperref Info: Hyper index ON on input line 4506.
Package hyperref Info: Plain pages OFF on input line 4513.
Package hyperref Info: Backreferencing OFF on input line 4518.
Package hyperref Info: Implicit mode ON; LaTeX internals redefined.
Package hyperref Info: Bookmarks ON on input line 4751.
\c@Hy@tempcnt=\count179

(/usr/local/texlive/2017/texmf-dist/tex/latex/url/url.sty
\Urlmuskip=\muskip17
Package: url 2013/09/16  ver 3.4  Verb mode for urls, etc.
)
LaTeX Info: Redefining \url on input line 5104.
\XeTeXLinkMargin=\dimen195
\Fld@menulength=\count180
\Field@Width=\dimen196
\Fld@charsize=\dimen197
Package hyperref Info: Hyper figures OFF on input line 6358.
Package hyperref Info: Link nesting OFF on input line 6363.
Package hyperref Info: Hyper index ON on input line 6366.
Package hyperref Info: backreferencing OFF on input line 6373.
Package hyperref Info: Link coloring OFF on input line 6378.
Package hyperref Info: Link coloring with OCG OFF on input line 6383.
Package hyperref Info: PDF/A mode OFF on input line 6388.
LaTeX Info: Redefining \ref on input line 6428.
LaTeX Info: Redefining \pageref on input line 6432.
\Hy@abspage=\count181
\c@Item=\count182
\c@Hfootnote=\count183
)

Package hyperref Message: Driver (autodetected): hxetex.

(/usr/local/texlive/2017/texmf-dist/tex/latex/hyperref/hxetex.def
File: hxetex.def 2017/03/14 v6.85a Hyperref driver for XeTeX

(/usr/local/texlive/2017/texmf-dist/tex/latex/hyperref/puenc.def
File: puenc.def 2017/03/14 v6.85a Hyperref: PDF Unicode definition (HO)
)
(/usr/local/texlive/2017/texmf-dist/tex/generic/oberdiek/stringenc.sty
Package: stringenc 2016/05/16 v1.11 Convert strings between diff. encodings (HO
)
)
\pdfm@box=\box75
\c@Hy@AnnotLevel=\count184
\HyField@AnnotCount=\count185
\Fld@listcount=\count186
\c@bookmark@seq@number=\count187

(/usr/local/texlive/2017/texmf-dist/tex/latex/oberdiek/rerunfilecheck.sty
Package: rerunfilecheck 2016/05/16 v1.8 Rerun checks for auxiliary files (HO)
Package rerunfilecheck Info: Feature \pdfmdfivesum is not available
(rerunfilecheck)             (e.g. pdfTeX or LuaTeX with package `pdftexcmds').

(rerunfilecheck)             Therefore file contents cannot be checked efficien
tly
(rerunfilecheck)             and the loading of the package is aborted.
)
\Hy@SectionHShift=\skip81
)
(/usr/local/texlive/2017/texmf-dist/tex/latex/glossaries/base/glossaries.sty
Package: glossaries 2017/01/19 v4.29 (NLCT)

(/usr/local/texlive/2017/texmf-dist/tex/latex/xkeyval/xkeyval.sty
Package: xkeyval 2014/12/03 v2.7a package option processing (HA)

(/usr/local/texlive/2017/texmf-dist/tex/generic/xkeyval/xkeyval.tex
(/usr/local/texlive/2017/texmf-dist/tex/generic/xkeyval/xkvutils.tex
\XKV@toks=\toks31
\XKV@tempa@toks=\toks32
)
\XKV@depth=\count188
File: xkeyval.tex 2014/12/03 v2.7a key=value parser (HA)
))
(/usr/local/texlive/2017/texmf-dist/tex/latex/mfirstuc/mfirstuc.sty
Package: mfirstuc 2016/07/31 v2.04 (NLCT)

(/usr/local/texlive/2017/texmf-dist/tex/latex/etoolbox/etoolbox.sty
Package: etoolbox 2017/01/02 v2.4 e-TeX tools for LaTeX (JAW)
\etb@tempcnta=\count189
)
\@glsmfirst=\toks33
\@glsmrest=\toks34
)
(/usr/local/texlive/2017/texmf-dist/tex/latex/textcase/textcase.sty
Package: textcase 2004/10/07 v0.07 Text only upper/lower case changing (DPC)
)
(/usr/local/texlive/2017/texmf-dist/tex/latex/xfor/xfor.sty
Package: xfor 2009/02/05 v1.05 (NLCT)
)
(/usr/local/texlive/2017/texmf-dist/tex/latex/datatool/datatool-base.sty
Package: datatool-base 2016/07/28 v2.27 (NLCT)

(/usr/local/texlive/2017/texmf-dist/tex/latex/substr/substr.sty
Package: substr 2009/10/20 v1.2 Handle substrings
\c@su@anzahl=\count190
)
(/usr/local/texlive/2017/texmf-dist/tex/latex/datatool/datatool-fp.sty
Package: datatool-fp 2016/07/28 v2.27 (NLCT)

(/usr/local/texlive/2017/texmf-dist/tex/latex/fp/fp.sty
Package: fp 1995/04/02

`Fixed Point Package', Version 0.8, April 2, 1995 (C) Michael Mehlich
(/usr/local/texlive/2017/texmf-dist/tex/latex/fp/defpattern.sty
Package: defpattern 1994/10/12
\actioncount=\count191
)
(/usr/local/texlive/2017/texmf-dist/tex/latex/fp/fp-basic.sty
Package: fp-basic 1996/05/13
\FP@xs=\count192
\FP@xia=\count193
\FP@xib=\count194
\FP@xfa=\count195
\FP@xfb=\count196
\FP@rega=\count197
\FP@regb=\count198
\FP@regs=\count199
\FP@times=\count266
)
(/usr/local/texlive/2017/texmf-dist/tex/latex/fp/fp-addons.sty
Package: fp-addons 1995/03/15
)
(/usr/local/texlive/2017/texmf-dist/tex/latex/fp/fp-snap.sty
Package: fp-snap 1995/04/05
)
(/usr/local/texlive/2017/texmf-dist/tex/latex/fp/fp-exp.sty
Package: fp-exp 1995/04/03
)
(/usr/local/texlive/2017/texmf-dist/tex/latex/fp/fp-trigo.sty
Package: fp-trigo 1995/04/14
)
(/usr/local/texlive/2017/texmf-dist/tex/latex/fp/fp-pas.sty
Package: fp-pas 1994/08/29
)
(/usr/local/texlive/2017/texmf-dist/tex/latex/fp/fp-random.sty
Package: fp-random 1995/02/23
\FPseed=\count267
)
(/usr/local/texlive/2017/texmf-dist/tex/latex/fp/fp-eqn.sty
Package: fp-eqn 1995/04/03
)
(/usr/local/texlive/2017/texmf-dist/tex/latex/fp/fp-upn.sty
Package: fp-upn 1996/10/21
)
(/usr/local/texlive/2017/texmf-dist/tex/latex/fp/fp-eval.sty
Package: fp-eval 1995/04/03
)))
\@dtl@toks=\toks35
\@dtl@tmpcount=\count268
\dtl@tmplength=\skip82
\dtl@sortresult=\count269
\@dtl@numgrpsepcount=\count270
\@dtl@datatype=\count271
\dtl@codeA=\count272
\dtl@codeB=\count273
\@dtl@foreach@level=\count274
)
(/usr/local/texlive/2017/texmf-dist/tex/latex/glossaries/base/glossaries-compat
ible-307.sty
Package: glossaries-compatible-307 2017/01/19 v4.29 (NLCT)
)
(/usr/local/texlive/2017/texmf-dist/tex/latex/tracklang/tracklang.sty
Package: tracklang 2017/03/25 v1.3.4 (NLCT) Track Languages

(/usr/local/texlive/2017/texmf-dist/tex/generic/tracklang/tracklang.tex))
(/usr/local/texlive/2017/texmf-dist/tex/latex/beamer/translator/translator.sty
Package: translator 2010/06/12 ver 1.10

(/usr/local/texlive/2017/texmf-dist/tex/latex/beamer/translator/translator-lang
uage-mappings.tex))
(/usr/local/texlive/2017/texmf-dist/tex/latex/glossaries-english/glossaries-eng
lish.ldf
File: glossaries-english.ldf 2014/11/23 v1.0
)
\gls@level=\count275
\@gls@tmpb=\toks36
\gls@tmplen=\skip83
\glskeylisttok=\toks37
\glslabeltok=\toks38
\glsshorttok=\toks39
\glslongtok=\toks40

(/usr/local/texlive/2017/texmf-dist/tex/latex/glossaries/styles/glossary-hypern
av.sty
Package: glossary-hypernav 2017/01/19 v4.29 (NLCT)
)
(/usr/local/texlive/2017/texmf-dist/tex/latex/glossaries/styles/glossary-list.s
ty
Package: glossary-list 2017/01/19 v4.29 (NLCT)
\glslistdottedwidth=\skip84
)
(/usr/local/texlive/2017/texmf-dist/tex/latex/glossaries/styles/glossary-long.s
ty
Package: glossary-long 2017/01/19 v4.29 (NLCT)
 (/usr/local/texlive/2017/texmf-dist/tex/latex/tools/longtable.sty
Package: longtable 2014/10/28 v4.11 Multi-page Table package (DPC)
\LTleft=\skip85
\LTright=\skip86
\LTpre=\skip87
\LTpost=\skip88
\LTchunksize=\count276
\LTcapwidth=\dimen198
\LT@head=\box76
\LT@firsthead=\box77
\LT@foot=\box78
\LT@lastfoot=\box79
\LT@cols=\count277
\LT@rows=\count278
\c@LT@tables=\count279
\c@LT@chunks=\count280
\LT@p@ftn=\toks41
)
\glsdescwidth=\skip89
\glspagelistwidth=\skip90
)
(/usr/local/texlive/2017/texmf-dist/tex/latex/glossaries/styles/glossary-super.
sty
Package: glossary-super 2017/01/19 v4.29 (NLCT)
 (/usr/local/texlive/2017/texmf-dist/tex/latex/supertabular/supertabular.sty
Package: supertabular 2004/02/20 v4.1e the supertabular environment
\c@tracingst=\count281
\ST@wd=\dimen199
\ST@rightskip=\skip91
\ST@leftskip=\skip92
\ST@parfillskip=\skip93
\ST@pageleft=\dimen256
\ST@headht=\dimen257
\ST@tailht=\dimen258
\ST@pagesofar=\dimen259
\ST@pboxht=\dimen260
\ST@lineht=\dimen261
\ST@stretchht=\dimen262
\ST@prevht=\dimen263
\ST@toadd=\dimen264
\ST@dimen=\dimen265
\ST@pbox=\box80
))
(/usr/local/texlive/2017/texmf-dist/tex/latex/glossaries/styles/glossary-tree.s
ty
Package: glossary-tree 2017/01/19 v4.29 (NLCT)
\glstreeindent=\skip94
)) (/usr/local/texlive/2017/texmf-dist/tex/latex/soul/soul.sty
Package: soul 2003/11/17 v2.4 letterspacing/underlining (mf)
\SOUL@word=\toks42
\SOUL@lasttoken=\toks43
\SOUL@cmds=\toks44
\SOUL@buffer=\toks45
\SOUL@token=\toks46
\SOUL@spaceskip=\skip95
\SOUL@ttwidth=\dimen266
\SOUL@uldp=\dimen267
\SOUL@ulht=\dimen268
)
(./chapters/acronyms.tex)
\glswrite=\write3
\glo@main@file=\write4
\openout4 = `main.glo'.

Package glossaries Info: Writing glossary file main.glo on input line 119.
\glo@acronym@file=\write5
\openout5 = `main.acn'.

Package glossaries Info: Writing glossary file main.acn on input line 119.

(/usr/local/texlive/2017/texmf-dist/tex/latex/appendix/appendix.sty
Package: appendix 2009/09/02 v1.2b extra appendix facilities
\c@@pps=\count282
\c@@ppsavesec=\count283
\c@@ppsaveapp=\count284
)
(/usr/local/texlive/2017/texmf-dist/tex/latex/arydshln/arydshln.sty
Package: arydshln 2016/04/28 v1.73 
\dashlinedash=\dimen269
\dashlinegap=\dimen270
\adl@box=\box81
\adl@height=\dimen271
\adl@heightsave=\dimen272
\adl@depth=\dimen273
\adl@depthsave=\dimen274
\adl@finaldepth=\dimen275
\adl@columns=\count285
\adl@ncol=\count286
\adl@currentcolumn=\count287
\adl@currentcolumnsave=\count288
\adl@totalheight=\count289
\adl@totalheightsave=\count290
\adl@dash=\count291
\adl@gap=\count292
\adl@cla=\count293
\adl@clb=\count294
\adl@everyvbox=\toks47
\adl@LTpagetotal=\dimen276
)
(/usr/local/texlive/2017/texmf-dist/tex/latex/psnfss/pifont.sty
Package: pifont 2005/04/12 PSNFSS-v9.2a Pi font support (SPQR) 
LaTeX Font Info:    Try loading font information for U+pzd on input line 63.

(/usr/local/texlive/2017/texmf-dist/tex/latex/psnfss/upzd.fd
File: upzd.fd 2001/06/04 font definitions for U/pzd.
)
LaTeX Font Info:    Try loading font information for U+psy on input line 64.

(/usr/local/texlive/2017/texmf-dist/tex/latex/psnfss/upsy.fd
File: upsy.fd 2001/06/04 font definitions for U/psy.
))
(/usr/local/texlive/2017/texmf-dist/tex/latex/titlesec/titlesec.sty
Package: titlesec 2016/03/21 v2.10.2 Sectioning titles
\ttl@box=\box82
\beforetitleunit=\skip96
\aftertitleunit=\skip97
\ttl@plus=\dimen277
\ttl@minus=\dimen278
\ttl@toksa=\toks48
\titlewidth=\dimen279
\titlewidthlast=\dimen280
\titlewidthfirst=\dimen281
)
\imagewidth=\skip98

(/usr/local/texlive/2017/texmf-dist/tex/latex/listings/listings.sty
\lst@mode=\count295
\lst@gtempboxa=\box83
\lst@token=\toks49
\lst@length=\count296
\lst@currlwidth=\dimen282
\lst@column=\count297
\lst@pos=\count298
\lst@lostspace=\dimen283
\lst@width=\dimen284
\lst@newlines=\count299
\lst@lineno=\count300
\lst@maxwidth=\dimen285

(/usr/local/texlive/2017/texmf-dist/tex/latex/listings/lstmisc.sty
File: lstmisc.sty 2015/06/04 1.6 (Carsten Heinz)
\c@lstnumber=\count301
\lst@skipnumbers=\count302
\lst@framebox=\box84
)
(/usr/local/texlive/2017/texmf-dist/tex/latex/listings/listings.cfg
File: listings.cfg 2015/06/04 1.6 listings configuration
))
Package: listings 2015/06/04 1.6 (Carsten Heinz)

(./main.aux)
\openout1 = `main.aux'.

LaTeX Font Info:    Checking defaults for OML/cmm/m/it on input line 150.
LaTeX Font Info:    ... okay on input line 150.
LaTeX Font Info:    Checking defaults for T1/cmr/m/n on input line 150.
LaTeX Font Info:    ... okay on input line 150.
LaTeX Font Info:    Checking defaults for OT1/cmr/m/n on input line 150.
LaTeX Font Info:    ... okay on input line 150.
LaTeX Font Info:    Checking defaults for OMS/cmsy/m/n on input line 150.
LaTeX Font Info:    ... okay on input line 150.
LaTeX Font Info:    Checking defaults for TU/lmr/m/n on input line 150.
LaTeX Font Info:    ... okay on input line 150.
LaTeX Font Info:    Checking defaults for OMX/cmex/m/n on input line 150.
LaTeX Font Info:    ... okay on input line 150.
LaTeX Font Info:    Checking defaults for U/cmr/m/n on input line 150.
LaTeX Font Info:    ... okay on input line 150.
LaTeX Font Info:    Checking defaults for T3/cmr/m/n on input line 150.
LaTeX Font Info:    Try loading font information for T3+cmr on input line 150.
 (/usr/local/texlive/2017/texmf-dist/tex/latex/tipa/t3cmr.fd
File: t3cmr.fd 2001/12/31 TIPA font definitions
)
LaTeX Font Info:    ... okay on input line 150.
LaTeX Font Info:    Checking defaults for TS1/cmr/m/n on input line 150.
LaTeX Font Info:    Try loading font information for TS1+cmr on input line 150.


(/usr/local/texlive/2017/texmf-dist/tex/latex/base/ts1cmr.fd
File: ts1cmr.fd 2014/09/29 v2.5h Standard LaTeX font definitions
)
LaTeX Font Info:    ... okay on input line 150.
LaTeX Font Info:    Checking defaults for PD1/pdf/m/n on input line 150.
LaTeX Font Info:    ... okay on input line 150.
LaTeX Font Info:    Checking defaults for PU/pdf/m/n on input line 150.
LaTeX Font Info:    ... okay on input line 150.
.................................................
. fontspec info: "setup-math"
. 
. Adjusting the maths setup (use [no-math] to avoid this).
.................................................
\symlegacymaths=\mathgroup6
LaTeX Font Info:    Overwriting symbol font `legacymaths' in version `bold'
(Font)                  OT1/cmr/m/n --> OT1/cmr/bx/n on input line 150.
LaTeX Font Info:    Redeclaring math accent \acute on input line 150.
LaTeX Font Info:    Redeclaring math accent \grave on input line 150.
LaTeX Font Info:    Redeclaring math accent \ddot on input line 150.
LaTeX Font Info:    Redeclaring math accent \tilde on input line 150.
LaTeX Font Info:    Redeclaring math accent \bar on input line 150.
LaTeX Font Info:    Redeclaring math accent \breve on input line 150.
LaTeX Font Info:    Redeclaring math accent \check on input line 150.
LaTeX Font Info:    Redeclaring math accent \hat on input line 150.
LaTeX Font Info:    Redeclaring math accent \dot on input line 150.
LaTeX Font Info:    Redeclaring math accent \mathring on input line 150.
LaTeX Font Info:    Redeclaring math symbol \Gamma on input line 150.
LaTeX Font Info:    Redeclaring math symbol \Delta on input line 150.
LaTeX Font Info:    Redeclaring math symbol \Theta on input line 150.
LaTeX Font Info:    Redeclaring math symbol \Lambda on input line 150.
LaTeX Font Info:    Redeclaring math symbol \Xi on input line 150.
LaTeX Font Info:    Redeclaring math symbol \Pi on input line 150.
LaTeX Font Info:    Redeclaring math symbol \Sigma on input line 150.
LaTeX Font Info:    Redeclaring math symbol \Upsilon on input line 150.
LaTeX Font Info:    Redeclaring math symbol \Phi on input line 150.
LaTeX Font Info:    Redeclaring math symbol \Psi on input line 150.
LaTeX Font Info:    Redeclaring math symbol \Omega on input line 150.
LaTeX Font Info:    Redeclaring math symbol \mathdollar on input line 150.
LaTeX Font Info:    Redeclaring symbol font `operators' on input line 150.
LaTeX Font Info:    Encoding `OT1' has changed to `TU' for symbol font
(Font)              `operators' in the math version `normal' on input line 150.

LaTeX Font Info:    Overwriting symbol font `operators' in version `normal'
(Font)                  OT1/cmr/m/n --> TU/NewsGotT(0)/m/n on input line 150.
LaTeX Font Info:    Encoding `OT1' has changed to `TU' for symbol font
(Font)              `operators' in the math version `bold' on input line 150.
LaTeX Font Info:    Overwriting symbol font `operators' in version `bold'
(Font)                  OT1/cmr/bx/n --> TU/NewsGotT(0)/m/n on input line 150.
LaTeX Font Info:    Overwriting symbol font `operators' in version `normal'
(Font)                  TU/NewsGotT(0)/m/n --> TU/NewsGotT(0)/m/n on input line
 150.
LaTeX Font Info:    Overwriting math alphabet `\mathit' in version `normal'
(Font)                  OT1/cmr/m/it --> TU/NewsGotT(0)/m/it on input line 150.

LaTeX Font Info:    Overwriting math alphabet `\mathbf' in version `normal'
(Font)                  OT1/cmr/bx/n --> TU/NewsGotT(0)/bx/n on input line 150.

LaTeX Font Info:    Overwriting math alphabet `\mathsf' in version `normal'
(Font)                  OT1/cmss/m/n --> TU/lmss/m/n on input line 150.
LaTeX Font Info:    Overwriting math alphabet `\mathtt' in version `normal'
(Font)                  OT1/cmtt/m/n --> TU/lmtt/m/n on input line 150.
LaTeX Font Info:    Overwriting symbol font `operators' in version `bold'
(Font)                  TU/NewsGotT(0)/m/n --> TU/NewsGotT(0)/bx/n on input lin
e 150.
LaTeX Font Info:    Overwriting math alphabet `\mathit' in version `bold'
(Font)                  OT1/cmr/bx/it --> TU/NewsGotT(0)/bx/it on input line 15
0.
LaTeX Font Info:    Overwriting math alphabet `\mathsf' in version `bold'
(Font)                  OT1/cmss/bx/n --> TU/lmss/bx/n on input line 150.
LaTeX Font Info:    Overwriting math alphabet `\mathtt' in version `bold'
(Font)                  OT1/cmtt/m/n --> TU/lmtt/bx/n on input line 150.

*geometry* driver: auto-detecting
*geometry* detected driver: xetex
*geometry* verbose mode - [ preamble ] result:
* driver: xetex
* paper: a4paper
* layout: <same size as paper>
* layoutoffset:(h,v)=(0.0pt,0.0pt)
* modes: twoside 
* h-part:(L,W,R)=(71.13188pt, 455.24411pt, 71.13188pt)
* v-part:(T,H,B)=(71.13188pt, 702.78308pt, 71.13188pt)
* \paperwidth=597.50787pt
* \paperheight=845.04684pt
* \textwidth=455.24411pt
* \textheight=702.78308pt
* \oddsidemargin=-1.1381pt
* \evensidemargin=-1.1381pt
* \topmargin=-42.47766pt
* \headheight=20.0pt
* \headsep=21.33955pt
* \topskip=12.0pt
* \footskip=30.0pt
* \marginparwidth=88.0pt
* \marginparsep=7.0pt
* \columnsep=10.0pt
* \skip\footins=10.8pt plus 4.0pt minus 2.0pt
* \hoffset=0.0pt
* \voffset=0.0pt
* \mag=1000
* \@twocolumnfalse
* \@twosidetrue
* \@mparswitchtrue
* \@reversemarginfalse
* (1in=72.27pt=25.4mm, 1cm=28.453pt)

\AtBeginShipoutBox=\box85
Package caption Info: Begin \AtBeginDocument code.
Package caption Info: float package is loaded.
Package caption Info: hyperref package is loaded.
Package caption Info: listings package is loaded.
Package caption Info: longtable package is loaded.
(/usr/local/texlive/2017/texmf-dist/tex/latex/caption/ltcaption.sty
Package: ltcaption 2013/06/09 v1.4-94 longtable captions (AR)
)
Package caption Info: supertabular package is loaded.
Package caption Info: End \AtBeginDocument code.
Package hyperref Info: Link coloring OFF on input line 150.

(/usr/local/texlive/2017/texmf-dist/tex/latex/hyperref/nameref.sty
Package: nameref 2016/05/21 v2.44 Cross-referencing by name of section

(/usr/local/texlive/2017/texmf-dist/tex/generic/oberdiek/gettitlestring.sty
Package: gettitlestring 2016/05/16 v1.5 Cleanup title references (HO)
)
\c@section@level=\count303
)
LaTeX Info: Redefining \ref on input line 150.
LaTeX Info: Redefining \pageref on input line 150.
LaTeX Info: Redefining \nameref on input line 150.

(./main.out) (./main.out)
\@outlinefile=\write6
\openout6 = `main.out'.

 (./main.glsdefs)
\c@lstlisting=\count304
*geometry* verbose mode - [ newgeometry ] result:
* driver: xetex
* paper: a4paper
* layout: <same size as paper>
* layoutoffset:(h,v)=(0.0pt,0.0pt)
* modes: twoside 
* h-part:(L,W,R)=(0.0pt, 597.50787pt, 0.0pt)
* v-part:(T,H,B)=(0.0pt, 845.04684pt, 0.0pt)
* \paperwidth=597.50787pt
* \paperheight=845.04684pt
* \textwidth=597.50787pt
* \textheight=845.04684pt
* \oddsidemargin=-72.26999pt
* \evensidemargin=-72.26999pt
* \topmargin=-113.60954pt
* \headheight=20.0pt
* \headsep=21.33955pt
* \topskip=12.0pt
* \footskip=30.0pt
* \marginparwidth=88.0pt
* \marginparsep=7.0pt
* \columnsep=10.0pt
* \skip\footins=10.8pt plus 4.0pt minus 2.0pt
* \hoffset=0.0pt
* \voffset=0.0pt
* \mag=1000
* \@twocolumnfalse
* \@twosidetrue
* \@mparswitchtrue
* \@reversemarginfalse
* (1in=72.27pt=25.4mm, 1cm=28.453pt)

File: chapters/FOLHA-ROSTO-EE.pdf Graphic file (type QTm)

<use  "chapters/FOLHA-ROSTO-EE.pdf" >
File: chapters/FOLHA-ROSTO-EE.pdf Graphic file (type QTm)
 <use  "chapters/FOLHA-ROSTO-EE.pdf" >
File: chapters/FOLHA-ROSTO-EE.pdf Graphic file (type QTm)

<use  "chapters/FOLHA-ROSTO-EE.pdf"  page1>
File: chapters/FOLHA-ROSTO-EE.pdf Graphic file (type QTm)

<use  "chapters/FOLHA-ROSTO-EE.pdf"  page1>
File: chapters/FOLHA-ROSTO-EE.pdf Graphic file (type QTm)

<use  "chapters/FOLHA-ROSTO-EE.pdf"  page1>
File: chapters/FOLHA-ROSTO-EE.pdf Graphic file (type QTm)

<use  "chapters/FOLHA-ROSTO-EE.pdf"  page1>
File: chapters/FOLHA-ROSTO-EE.pdf Graphic file (type QTm)

<use  "chapters/FOLHA-ROSTO-EE.pdf"  page1>
(/usr/local/texlive/2017/texmf-dist/tex/generic/oberdiek/se-ascii-print.def
File: se-ascii-print.def 2016/05/16 v1.11 stringenc: Printable ASCII characters

)
[1

\openout3 = `main.ist'.


] (./chapters/copyrights.tex
File: copyrights.png Graphic file (type QTm)
 <use  "copyrights.png" >
LaTeX Font Info:    Try loading font information for U+msa on input line 23.

(/usr/local/texlive/2017/texmf-dist/tex/latex/amsfonts/umsa.fd
File: umsa.fd 2013/01/14 v3.01 AMS symbols A
)
LaTeX Font Info:    Try loading font information for U+msb on input line 23.

(/usr/local/texlive/2017/texmf-dist/tex/latex/amsfonts/umsb.fd
File: umsb.fd 2013/01/14 v3.01 AMS symbols B
))
(./chapters/agradecimentos.tex [1



]) (./chapters/declaracao_2.tex [2

])
(./chapters/resumo.tex [3

]
Underfull \hbox (badness 10000) in paragraph at lines 6--7

 []

) (./chapters/abstract.tex [4

]
Underfull \hbox (badness 10000) in paragraph at lines 6--7

 []

) [5

] (./main.toc [6

])
\tf@toc=\write7
\openout7 = `main.toc'.

 (./main.acr [7]) [8


] (./main.lof)
\tf@lof=\write8
\openout8 = `main.lof'.

 [9

] (./main.lot)
\tf@lot=\write9
\openout9 = `main.lot'.


[10

] (./chapters/chapter_0.tex
Chapter 1.
LaTeX Font Info:    Try loading font information for OT1+phv on input line 1.
(/usr/local/texlive/2017/texmf-dist/tex/latex/psnfss/ot1phv.fd
File: ot1phv.fd 2001/06/04 scalable font definitions for OT1/phv.
)
LaTeX Font Info:    Try loading font information for OT1+ptm on input line 1.

(/usr/local/texlive/2017/texmf-dist/tex/latex/psnfss/ot1ptm.fd
File: ot1ptm.fd 2001/06/04 font definitions for OT1/ptm.
))
(./chapters/chapter_1.tex [1


]
Chapter 2.
) (./chapters/chapter_2.tex [2

]
Chapter 3.
) (./chapters/chapter_4.tex [3

]
Chapter 4.
File: images//chpt_4/boxplot/single.png Graphic file (type QTm)
<use  "images//chpt_4/boxplot/single.png" >
File: images//chpt_4/boxplot/single.png Graphic file (type QTm)

<use  "images//chpt_4/boxplot/single.png" >
File: images//chpt_4/boxplot/single.png Graphic file (type QTm)

<use  "images//chpt_4/boxplot/single.png" >
File: images//chpt_4/boxplot/single.png Graphic file (type QTm)

<use  "images//chpt_4/boxplot/single.png" >) (./chapters/chapter_5.tex [4

]
LaTeX Font Info:    Font shape `TU/NewsGotT(0)/m/sl' in size <10> not available

(Font)              Font shape `TU/NewsGotT(0)/m/it' tried instead on input lin
e 1.

[5]
Chapter 5.
Package hyperref Info: bookmark level for unknown lstlisting defaults to 0 on i
nput line 19.
) (./chapters/chapter_6.tex [6

]
Chapter 6.
) (./main.bbl [7

]) (./chapters/appendix.tex [8

]
Appendix A.
)
Package atveryend Info: Empty hook `BeforeClearDocument' on input line 246.
 [9

]
Package atveryend Info: Empty hook `AfterLastShipout' on input line 246.
 (./main.aux)
Package atveryend Info: Empty hook `AtVeryEndDocument' on input line 246.
Package atveryend Info: Empty hook `AtEndAfterFileList' on input line 246.
Package atveryend Info: Empty hook `AtVeryVeryEnd' on input line 246.
 ) 
Here is how much of TeX's memory you used:
 35204 strings out of 493005
 614148 string characters out of 6134596
 729299 words of memory out of 5000000
 38665 multiletter control sequences out of 15000+600000
 10945 words of font info for 61 fonts, out of 8000000 for 9000
 1348 hyphenation exceptions out of 8191
 45i,18n,80p,10388b,1017s stack positions out of 5000i,500n,10000p,200000b,80000s

Output written on main.pdf (20 pages).
