\BOOKMARK [0][-]{chapter*.1}{Direitos de Autor e Condições de Utilização do Trabalho por Terceiros}{}% 1
\BOOKMARK [0][-]{chapter*.3}{Acknowledgments}{}% 2
\BOOKMARK [0][-]{chapter*.4}{Statement\040of\040Integrity}{}% 3
\BOOKMARK [0][-]{chapter*.5}{Resumo}{}% 4
\BOOKMARK [0][-]{chapter*.6}{Abstract}{}% 5
\BOOKMARK [0][-]{section*.8}{List\040of\040Acronyms}{}% 6
\BOOKMARK [0][-]{chapter*.10}{List\040of\040Figures}{}% 7
\BOOKMARK [0][-]{chapter*.11}{List\040of\040Tables}{}% 8
\BOOKMARK [0][-]{chapter.1}{1\040Introduction}{}% 9
\BOOKMARK [1][-]{section.1.1}{1.1\040Motivation}{chapter.1}% 10
\BOOKMARK [1][-]{section.1.2}{1.2\040Goal}{chapter.1}% 11
\BOOKMARK [1][-]{section.1.3}{1.3\040Contributions}{chapter.1}% 12
\BOOKMARK [1][-]{section.1.4}{1.4\040Structure\040of\040the\040Dissertation}{chapter.1}% 13
\BOOKMARK [0][-]{chapter.2}{2\040Theoretical\040Foundations}{}% 14
\BOOKMARK [1][-]{section.2.1}{2.1\040Section}{chapter.2}% 15
\BOOKMARK [2][-]{subsection.2.1.1}{2.1.1\040Subsection}{section.2.1}% 16
\BOOKMARK [1][-]{section.2.2}{2.2\040Summary}{chapter.2}% 17
\BOOKMARK [0][-]{chapter.3}{3\040State\040of\040the\040Art}{}% 18
\BOOKMARK [1][-]{section.3.1}{3.1\040Section}{chapter.3}% 19
\BOOKMARK [1][-]{section.3.2}{3.2\040Summary}{chapter.3}% 20
\BOOKMARK [0][-]{chapter.4}{4\040Implementation\040Details\040and\040Results}{}% 21
\BOOKMARK [1][-]{section.4.1}{4.1\040Section}{chapter.4}% 22
\BOOKMARK [1][-]{section.4.2}{4.2\040Summary}{chapter.4}% 23
\BOOKMARK [0][-]{chapter.5}{5\040Case\040Study}{}% 24
\BOOKMARK [1][-]{section.5.1}{5.1\040Motivation}{chapter.5}% 25
\BOOKMARK [1][-]{section.5.2}{5.2\040Dataset}{chapter.5}% 26
\BOOKMARK [1][-]{section.5.3}{5.3\040Methodology}{chapter.5}% 27
\BOOKMARK [2][-]{subsection.5.3.1}{5.3.1\040Overall\040Analysis\040of\040the\040Experimental\040Results}{section.5.3}% 28
\BOOKMARK [1][-]{section.5.4}{5.4\040Summary}{chapter.5}% 29
\BOOKMARK [0][-]{chapter.6}{6\040Conclusions\040and\040Future\040Work}{}% 30
\BOOKMARK [0][-]{chapter*.15}{Bibliography}{}% 31
\BOOKMARK [0][-]{Appendix.1.A}{Appendix\040A\040Title}{}% 32
