mktextfm ecrm1200
mktextfm ecrm1200
mktextfm ecrm1200
mktextfm Arial
mktextfm Arial
mktextfm Arial
mktextfm Arial
mktextfm Arial/B
mktextfm Arial
mktextfm Arial/I
mktextfm Arial
mktextfm Arial/BI
mktextfm Times
mktextfm Times
mktextfm Times
mktextfm Times
mktextfm Times/B
mktextfm Times
mktextfm Times/I
mktextfm Times
mktextfm Times/BI
mktextfm Times
mktextfm Times
mktextfm NewsGotT
mktextfm NewsGotT
mktextfm NewsGotT
mktextfm NewsGotT/B
mktextfm NewsGotT
mktextfm NewsGotT/BI
mktextfm NewsGotT
mktextfm NewsGotT/B
mktextfm NewsGotT
mktextfm NewsGotT
mktextfm NewsGotT
mktextfm NewsGotT
mktextfm NewsGotT
mktextfm NewsGotT
mktextfm NewsGotT
mktextfm NewsGotT
mktextfm NewsGotT
mktextfm NewsGotT
mktextfm NewsGotT
mktextfm NewsGotT
mktextfm NewsGotT
mktextfm NewsGotT
mktextfm NewsGotT
mktextfm NewsGotT
mktextfm NewsGotT
mktextfm NewsGotT
mktextfm NewsGotT
mktextfm nullfont
mktextfm NewsGotT
